d:\aubg\year1 - semester2\cos 221 - fundamental data structures\courseprojectgeorgiyazovaliyski\courseprojectgeorgiyazovaliyski\debug\courseprojectgeorgiyazovaliyski.pch
d:\aubg\year1 - semester2\cos 221 - fundamental data structures\courseprojectgeorgiyazovaliyski\courseprojectgeorgiyazovaliyski\debug\vc141.pdb
d:\aubg\year1 - semester2\cos 221 - fundamental data structures\courseprojectgeorgiyazovaliyski\courseprojectgeorgiyazovaliyski\debug\vc141.idb
d:\aubg\year1 - semester2\cos 221 - fundamental data structures\courseprojectgeorgiyazovaliyski\courseprojectgeorgiyazovaliyski\debug\pch.obj
d:\aubg\year1 - semester2\cos 221 - fundamental data structures\courseprojectgeorgiyazovaliyski\courseprojectgeorgiyazovaliyski\debug\wheelless.obj
d:\aubg\year1 - semester2\cos 221 - fundamental data structures\courseprojectgeorgiyazovaliyski\courseprojectgeorgiyazovaliyski\debug\wheelfull.obj
d:\aubg\year1 - semester2\cos 221 - fundamental data structures\courseprojectgeorgiyazovaliyski\courseprojectgeorgiyazovaliyski\debug\vehiclereader.obj
d:\aubg\year1 - semester2\cos 221 - fundamental data structures\courseprojectgeorgiyazovaliyski\courseprojectgeorgiyazovaliyski\debug\vehicle.obj
d:\aubg\year1 - semester2\cos 221 - fundamental data structures\courseprojectgeorgiyazovaliyski\courseprojectgeorgiyazovaliyski\debug\truck.obj
d:\aubg\year1 - semester2\cos 221 - fundamental data structures\courseprojectgeorgiyazovaliyski\courseprojectgeorgiyazovaliyski\debug\train.obj
d:\aubg\year1 - semester2\cos 221 - fundamental data structures\courseprojectgeorgiyazovaliyski\courseprojectgeorgiyazovaliyski\debug\node.obj
d:\aubg\year1 - semester2\cos 221 - fundamental data structures\courseprojectgeorgiyazovaliyski\courseprojectgeorgiyazovaliyski\debug\linkedlist.obj
d:\aubg\year1 - semester2\cos 221 - fundamental data structures\courseprojectgeorgiyazovaliyski\courseprojectgeorgiyazovaliyski\debug\courseprojectgeorgiyazovaliyski.obj
d:\aubg\year1 - semester2\cos 221 - fundamental data structures\courseprojectgeorgiyazovaliyski\courseprojectgeorgiyazovaliyski\debug\car.obj
d:\aubg\year1 - semester2\cos 221 - fundamental data structures\courseprojectgeorgiyazovaliyski\debug\courseprojectgeorgiyazovaliyski.exe
d:\aubg\year1 - semester2\cos 221 - fundamental data structures\courseprojectgeorgiyazovaliyski\debug\courseprojectgeorgiyazovaliyski.ilk
d:\aubg\year1 - semester2\cos 221 - fundamental data structures\courseprojectgeorgiyazovaliyski\debug\courseprojectgeorgiyazovaliyski.pdb
d:\aubg\year1 - semester2\cos 221 - fundamental data structures\courseprojectgeorgiyazovaliyski\courseprojectgeorgiyazovaliyski\debug\coursepr.5cf30fda.tlog\cl.command.1.tlog
d:\aubg\year1 - semester2\cos 221 - fundamental data structures\courseprojectgeorgiyazovaliyski\courseprojectgeorgiyazovaliyski\debug\coursepr.5cf30fda.tlog\cl.read.1.tlog
d:\aubg\year1 - semester2\cos 221 - fundamental data structures\courseprojectgeorgiyazovaliyski\courseprojectgeorgiyazovaliyski\debug\coursepr.5cf30fda.tlog\cl.write.1.tlog
d:\aubg\year1 - semester2\cos 221 - fundamental data structures\courseprojectgeorgiyazovaliyski\courseprojectgeorgiyazovaliyski\debug\coursepr.5cf30fda.tlog\link.command.1.tlog
d:\aubg\year1 - semester2\cos 221 - fundamental data structures\courseprojectgeorgiyazovaliyski\courseprojectgeorgiyazovaliyski\debug\coursepr.5cf30fda.tlog\link.read.1.tlog
d:\aubg\year1 - semester2\cos 221 - fundamental data structures\courseprojectgeorgiyazovaliyski\courseprojectgeorgiyazovaliyski\debug\coursepr.5cf30fda.tlog\link.write.1.tlog
